<?xml version="1.0" encoding="UTF-8"?>
<!-- Generated by org.testng.reporters.JUnitReportReporter -->
<testsuite hostname="Skuads-MacBook-Pro.local" failures="0" tests="2" name="com.lambdaTestHackathon.TestCases.LoginPageTest" time="18.098" errors="0" timestamp="2025-04-13T20:27:55 IST" skipped="0">
  <testcase classname="com.lambdaTestHackathon.TestCases.LoginPageTest" name="loginTest" time="8.426"/>
  <testcase classname="com.lambdaTestHackathon.TestCases.LoginPageTest" name="loginTestwithInvalidCredentials" time="9.672"/>
</testsuite> <!-- com.lambdaTestHackathon.TestCases.LoginPageTest -->
