<?xml version="1.0" encoding="UTF-8"?>
<!-- Generated by org.testng.reporters.JUnitReportReporter -->
<testsuite hostname="Skuads-MacBook-Pro.local" failures="0" tests="1" name="com.lambdaTestHackathon.TestCases.AlertPageTest" time="11.583" errors="0" timestamp="2025-04-13T20:27:55 IST" skipped="0">
  <testcase classname="com.lambdaTestHackathon.TestCases.AlertPageTest" name="AlertHandlding" time="11.583"/>
</testsuite> <!-- com.lambdaTestHackathon.TestCases.AlertPageTest -->
