<?xml version="1.0" encoding="UTF-8"?>
<!-- Generated by org.testng.reporters.JUnitReportReporter -->
<testsuite hostname="Skuads-MacBook-Pro.local" failures="0" tests="1" name="com.lambdaTestHackathon.base.BaseClass" time="6.745" errors="0" timestamp="2025-04-13T14:23:25 IST" skipped="0">
  <testcase classname="com.lambdaTestHackathon.base.BaseClass" name="launchApp" time="6.745"/>
</testsuite> <!-- com.lambdaTestHackathon.base.BaseClass -->
